<?xml version="1.0" encoding="UTF-8"?>
<!-- Generated by org.testng.reporters.JUnitXMLReporter -->
<testsuite ignored="0" hostname="LAPTOP-8GM7S38Q" failures="0" tests="4" name="PetStoreTest" time="7.747" errors="0" timestamp="2024-01-20T09:38:13 IST">
  <testcase classname="api.tests.UserTests" name="testCreateUser" time="3.014"/>
  <testcase classname="api.tests.UserTests" name="testRetrieveUser" time="1.173"/>
  <testcase classname="api.tests.UserTests" name="testUpdateUser" time="1.084"/>
  <testcase classname="api.tests.UserTests" name="testDeleteUser" time="2.275"/>
</testsuite> <!-- PetStoreTest -->
