<?xml version="1.0" encoding="UTF-8"?>
<!-- Generated by org.testng.reporters.JUnitXMLReporter -->
<testsuite ignored="0" hostname="LAPTOP-8GM7S38Q" failures="0" tests="4" name="Default test" time="7.2" errors="0" timestamp="2024-01-20T09:31:20 IST">
  <testcase classname="api.tests.UserTests" name="testCreateUser" time="2.427"/>
  <testcase classname="api.tests.UserTests" name="testRetrieveUser" time="1.169"/>
  <testcase classname="api.tests.UserTests" name="testUpdateUser" time="1.126"/>
  <testcase classname="api.tests.UserTests" name="testDeleteUser" time="2.261"/>
</testsuite> <!-- Default test -->
