<?xml version="1.0" encoding="UTF-8"?>
<testng-results ignored="0" total="4" passed="4" failed="0" skipped="0">
  <reporter-output>
  </reporter-output>
  <suite started-at="2024-01-20T09:38:05 IST" name="PetStoreSuite" finished-at="2024-01-20T09:38:13 IST" duration-ms="7747">
    <groups>
    </groups>
    <test started-at="2024-01-20T09:38:05 IST" name="PetStoreTest" finished-at="2024-01-20T09:38:13 IST" duration-ms="7747">
      <class name="api.tests.UserTests">
        <test-method is-config="true" signature="prepareData()[pri:0, instance:api.tests.UserTests@795cd85e]" started-at="2024-01-20T09:38:05 IST" name="prepareData" finished-at="2024-01-20T09:38:05 IST" duration-ms="174" status="PASS">
          <reporter-output>
          </reporter-output>
        </test-method> <!-- prepareData -->
        <test-method signature="testCreateUser()[pri:1, instance:api.tests.UserTests@795cd85e]" started-at="2024-01-20T09:38:05 IST" name="testCreateUser" finished-at="2024-01-20T09:38:08 IST" duration-ms="3014" status="PASS">
          <reporter-output>
          </reporter-output>
        </test-method> <!-- testCreateUser -->
        <test-method signature="testRetrieveUser()[pri:2, instance:api.tests.UserTests@795cd85e]" started-at="2024-01-20T09:38:08 IST" name="testRetrieveUser" finished-at="2024-01-20T09:38:09 IST" duration-ms="1173" status="PASS">
          <reporter-output>
          </reporter-output>
        </test-method> <!-- testRetrieveUser -->
        <test-method signature="testUpdateUser()[pri:3, instance:api.tests.UserTests@795cd85e]" started-at="2024-01-20T09:38:09 IST" name="testUpdateUser" finished-at="2024-01-20T09:38:10 IST" duration-ms="1084" status="PASS">
          <reporter-output>
          </reporter-output>
        </test-method> <!-- testUpdateUser -->
        <test-method signature="testDeleteUser()[pri:4, instance:api.tests.UserTests@795cd85e]" started-at="2024-01-20T09:38:10 IST" name="testDeleteUser" finished-at="2024-01-20T09:38:13 IST" duration-ms="2275" status="PASS">
          <reporter-output>
          </reporter-output>
        </test-method> <!-- testDeleteUser -->
      </class> <!-- api.tests.UserTests -->
    </test> <!-- PetStoreTest -->
  </suite> <!-- PetStoreSuite -->
</testng-results>
