<?xml version="1.0" encoding="UTF-8"?>
<testng-results ignored="0" total="4" passed="4" failed="0" skipped="0">
  <reporter-output>
  </reporter-output>
  <suite started-at="2024-01-20T09:36:17 IST" name="PetStoreSuite" finished-at="2024-01-20T09:36:24 IST" duration-ms="7165">
    <groups>
    </groups>
    <test started-at="2024-01-20T09:36:17 IST" name="PetStoreTest" finished-at="2024-01-20T09:36:24 IST" duration-ms="7165">
      <class name="api.tests.UserTests">
        <test-method is-config="true" signature="prepareData()[pri:0, instance:api.tests.UserTests@38cee291]" started-at="2024-01-20T09:36:17 IST" name="prepareData" finished-at="2024-01-20T09:36:17 IST" duration-ms="156" status="PASS">
          <reporter-output>
          </reporter-output>
        </test-method> <!-- prepareData -->
        <test-method signature="testCreateUser()[pri:1, instance:api.tests.UserTests@38cee291]" started-at="2024-01-20T09:36:17 IST" name="testCreateUser" finished-at="2024-01-20T09:36:19 IST" duration-ms="2455" status="PASS">
          <reporter-output>
          </reporter-output>
        </test-method> <!-- testCreateUser -->
        <test-method signature="testRetrieveUser()[pri:2, instance:api.tests.UserTests@38cee291]" started-at="2024-01-20T09:36:19 IST" name="testRetrieveUser" finished-at="2024-01-20T09:36:20 IST" duration-ms="1096" status="PASS">
          <reporter-output>
          </reporter-output>
        </test-method> <!-- testRetrieveUser -->
        <test-method signature="testUpdateUser()[pri:3, instance:api.tests.UserTests@38cee291]" started-at="2024-01-20T09:36:20 IST" name="testUpdateUser" finished-at="2024-01-20T09:36:21 IST" duration-ms="1156" status="PASS">
          <reporter-output>
          </reporter-output>
        </test-method> <!-- testUpdateUser -->
        <test-method signature="testDeleteUser()[pri:4, instance:api.tests.UserTests@38cee291]" started-at="2024-01-20T09:36:21 IST" name="testDeleteUser" finished-at="2024-01-20T09:36:24 IST" duration-ms="2257" status="PASS">
          <reporter-output>
          </reporter-output>
        </test-method> <!-- testDeleteUser -->
      </class> <!-- api.tests.UserTests -->
    </test> <!-- PetStoreTest -->
  </suite> <!-- PetStoreSuite -->
</testng-results>
